*   Trying 142.250.185.243:443...
* Connected to licensing.yalla-ya.com (142.250.185.243) port 443 (#0)
* ALPN: offers h2
* ALPN: offers http/1.1
*  CAfile: /usr/local/etc/openssl@1.1/cert.pem
*  CApath: none
* SSL connection using TLSv1.3 / TLS_AES_256_GCM_SHA384
* ALPN: server accepted h2
* Server certificate:
*  subject: CN=licensing.yalla-ya.com
*  start date: May  7 18:55:50 2022 GMT
*  expire date: Aug  5 18:55:49 2022 GMT
*  subjectAltName: host "licensing.yalla-ya.com" matched cert's "licensing.yalla-ya.com"
*  issuer: C=US; O=Google Trust Services LLC; CN=GTS CA 1D4
*  SSL certificate verify ok.
* Using HTTP2, server supports multiplexing
* Copying HTTP/2 data in stream buffer to connection buffer after upgrade: len=0
* h2h3 [:method: POST]
* h2h3 [:path: /validate]
* h2h3 [:scheme: https]
* h2h3 [:authority: licensing.yalla-ya.com]
* h2h3 [accept: */*]
* h2h3 [content-length: 55]
* h2h3 [content-type: application/x-www-form-urlencoded]
* Using Stream ID: 1 (easy handle 0x7fca1d819c00)
> POST /validate HTTP/2
Host: licensing.yalla-ya.com
accept: */*
content-length: 55
content-type: application/x-www-form-urlencoded

* We are completely uploaded and fine
< HTTP/2 200 
< x-powered-by: Express
< content-type: application/json; charset=utf-8
< etag: W/"6c2-zHUSKrEvuDWp8YjVlFhXYK0EFwo"
< vary: Accept-Encoding
< x-cloud-trace-context: 4c8c07b600ab56ac4d7edfe7a9532ed1;o=1
< date: Wed, 25 May 2022 13:31:14 GMT
< server: Google Frontend
< content-length: 1730
< 
* Connection #0 to host licensing.yalla-ya.com left intact
